# JRE version: Java(TM) SE Runtime Environment (8.0_112-b15) (build 1.8.0_112-b15)
# Java VM: Java HotSpot(TM) 64-Bit Server VM (25.112-b15 mixed mode windows-amd64 compressed oops)
Heap:
 PSYoungGen      total 57856K, used 50418K [0x00000007bc400000, 0x00000007c0000000, 0x00000007c0000000)
  eden space 54272K, 90% used [0x00000007bc400000,0x00000007bf434b40,0x00000007bf900000)
  from space 3584K, 29% used [0x00000007bf900000,0x00000007bfa08000,0x00000007bfc80000)
  to   space 3584K, 0% used [0x00000007bfc80000,0x00000007bfc80000,0x00000007c0000000)
 ParOldGen       total 158208K, used 61520K [0x0000000700000000, 0x0000000709a80000, 0x00000007bc400000)
  object space 158208K, 38% used [0x0000000700000000,0x0000000703c14248,0x0000000709a80000)
 Metaspace       used 69657K, capacity 70283K, committed 70784K, reserved 1110016K
  class space    used 9189K, capacity 9317K, committed 9344K, reserved 1048576K
GC Heap History (10 events):
Event: 1469.966 GC heap before
{Heap before GC invocations=359 (full 84):
 PSYoungGen      total 57344K, used 55639K [0x00000007bc400000, 0x00000007c0000000, 0x00000007c0000000)
  eden space 53248K, 100% used [0x00000007bc400000,0x00000007bf800000,0x00000007bf800000)
  from space 4096K, 58% used [0x00000007bfc00000,0x00000007bfe55fa0,0x00000007c0000000)
  to   space 4096K, 0% used [0x00000007bf800000,0x00000007bf800000,0x00000007bfc00000)
 ParOldGen       total 158208K, used 60152K [0x0000000700000000, 0x0000000709a80000, 0x00000007bc400000)
  object space 158208K, 38% used [0x0000000700000000,0x0000000703abe248,0x0000000709a80000)
 Metaspace       used 69632K, capacity 70283K, committed 70784K, reserved 1110016K
  class space    used 9189K, capacity 9317K, committed 9344K, reserved 1048576K
Event: 1469.971 GC heap after
Heap after GC invocations=359 (full 84):
 PSYoungGen      total 57344K, used 2135K [0x00000007bc400000, 0x00000007c0000000, 0x00000007c0000000)
  eden space 53248K, 0% used [0x00000007bc400000,0x00000007bc400000,0x00000007bf800000)
  from space 4096K, 52% used [0x00000007bf800000,0x00000007bfa15fa0,0x00000007bfc00000)
  to   space 4096K, 0% used [0x00000007bfc00000,0x00000007bfc00000,0x00000007c0000000)
 ParOldGen       total 158208K, used 60360K [0x0000000700000000, 0x0000000709a80000, 0x00000007bc400000)
  object space 158208K, 38% used [0x0000000700000000,0x0000000703af2268,0x0000000709a80000)
 Metaspace       used 69632K, capacity 70283K, committed 70784K, reserved 1110016K
  class space    used 9189K, capacity 9317K, committed 9344K, reserved 1048576K
}
Event: 1470.392 GC heap before
{Heap before GC invocations=360 (full 84):
 PSYoungGen      total 57344K, used 55383K [0x00000007bc400000, 0x00000007c0000000, 0x00000007c0000000)
  eden space 53248K, 100% used [0x00000007bc400000,0x00000007bf800000,0x00000007bf800000)
  from space 4096K, 52% used [0x00000007bf800000,0x00000007bfa15fa0,0x00000007bfc00000)
  to   space 4096K, 0% used [0x00000007bfc00000,0x00000007bfc00000,0x00000007c0000000)
 ParOldGen       total 158208K, used 60360K [0x0000000700000000, 0x0000000709a80000, 0x00000007bc400000)
  object space 158208K, 38% used [0x0000000700000000,0x0000000703af2268,0x0000000709a80000)
 Metaspace       used 69632K, capacity 70283K, committed 70784K, reserved 1110016K
  class space    used 9189K, capacity 9317K, committed 9344K, reserved 1048576K
Event: 1470.398 GC heap after
Heap after GC invocations=360 (full 84):
 PSYoungGen      total 57856K, used 1719K [0x00000007bc400000, 0x00000007c0000000, 0x00000007c0000000)
  eden space 53760K, 0% used [0x00000007bc400000,0x00000007bc400000,0x00000007bf880000)
  from space 4096K, 41% used [0x00000007bfc00000,0x00000007bfdadfa0,0x00000007c0000000)
  to   space 3584K, 0% used [0x00000007bf880000,0x00000007bf880000,0x00000007bfc00000)
 ParOldGen       total 158208K, used 60704K [0x0000000700000000, 0x0000000709a80000, 0x00000007bc400000)
  object space 158208K, 38% used [0x0000000700000000,0x0000000703b482a8,0x0000000709a80000)
 Metaspace       used 69632K, capacity 70283K, committed 70784K, reserved 1110016K
  class space    used 9189K, capacity 9317K, committed 9344K, reserved 1048576K
}
Event: 1470.953 GC heap before
{Heap before GC invocations=361 (full 84):
 PSYoungGen      total 57856K, used 55479K [0x00000007bc400000, 0x00000007c0000000, 0x00000007c0000000)
  eden space 53760K, 100% used [0x00000007bc400000,0x00000007bf880000,0x00000007bf880000)
  from space 4096K, 41% used [0x00000007bfc00000,0x00000007bfdadfa0,0x00000007c0000000)
  to   space 3584K, 0% used [0x00000007bf880000,0x00000007bf880000,0x00000007bfc00000)
 ParOldGen       total 158208K, used 60704K [0x0000000700000000, 0x0000000709a80000, 0x00000007bc400000)
  object space 158208K, 38% used [0x0000000700000000,0x0000000703b482a8,0x0000000709a80000)
 Metaspace       used 69633K, capacity 70283K, committed 70784K, reserved 1110016K
  class space    used 9189K, capacity 9317K, committed 9344K, reserved 1048576K
Event: 1470.958 GC heap after
Heap after GC invocations=361 (full 84):
 PSYoungGen      total 57344K, used 1431K [0x00000007bc400000, 0x00000007c0000000, 0x00000007c0000000)
  eden space 53760K, 0% used [0x00000007bc400000,0x00000007bc400000,0x00000007bf880000)
  from space 3584K, 39% used [0x00000007bf880000,0x00000007bf9e5fa0,0x00000007bfc00000)
  to   space 3584K, 0% used [0x00000007bfc80000,0x00000007bfc80000,0x00000007c0000000)
 ParOldGen       total 158208K, used 61088K [0x0000000700000000, 0x0000000709a80000, 0x00000007bc400000)
  object space 158208K, 38% used [0x0000000700000000,0x0000000703ba82a8,0x0000000709a80000)
 Metaspace       used 69633K, capacity 70283K, committed 70784K, reserved 1110016K
  class space    used 9189K, capacity 9317K, committed 9344K, reserved 1048576K
}
Event: 1471.229 GC heap before
{Heap before GC invocations=362 (full 84):
 PSYoungGen      total 57344K, used 55191K [0x00000007bc400000, 0x00000007c0000000, 0x00000007c0000000)
  eden space 53760K, 100% used [0x00000007bc400000,0x00000007bf880000,0x00000007bf880000)
  from space 3584K, 39% used [0x00000007bf880000,0x00000007bf9e5fa0,0x00000007bfc00000)
  to   space 3584K, 0% used [0x00000007bfc80000,0x00000007bfc80000,0x00000007c0000000)
 ParOldGen       total 158208K, used 61088K [0x0000000700000000, 0x0000000709a80000, 0x00000007bc400000)
  object space 158208K, 38% used [0x0000000700000000,0x0000000703ba82a8,0x0000000709a80000)
 Metaspace       used 69633K, capacity 70283K, committed 70784K, reserved 1110016K
  class space    used 9189K, capacity 9317K, committed 9344K, reserved 1048576K
Event: 1471.233 GC heap after
Heap after GC invocations=362 (full 84):
 PSYoungGen      total 57856K, used 1367K [0x00000007bc400000, 0x00000007c0000000, 0x00000007c0000000)
  eden space 54272K, 0% used [0x00000007bc400000,0x00000007bc400000,0x00000007bf900000)
  from space 3584K, 38% used [0x00000007bfc80000,0x00000007bfdd5fa0,0x00000007c0000000)
  to   space 3584K, 0% used [0x00000007bf900000,0x00000007bf900000,0x00000007bfc80000)
 ParOldGen       total 158208K, used 61224K [0x0000000700000000, 0x0000000709a80000, 0x00000007bc400000)
  object space 158208K, 38% used [0x0000000700000000,0x0000000703bca2a8,0x0000000709a80000)
 Metaspace       used 69633K, capacity 70283K, committed 70784K, reserved 1110016K
  class space    used 9189K, capacity 9317K, committed 9344K, reserved 1048576K
}
Event: 1476.615 GC heap before
{Heap before GC invocations=363 (full 84):
 PSYoungGen      total 57856K, used 55639K [0x00000007bc400000, 0x00000007c0000000, 0x00000007c0000000)
  eden space 54272K, 100% used [0x00000007bc400000,0x00000007bf900000,0x00000007bf900000)
  from space 3584K, 38% used [0x00000007bfc80000,0x00000007bfdd5fa0,0x00000007c0000000)
  to   space 3584K, 0% used [0x00000007bf900000,0x00000007bf900000,0x00000007bfc80000)
 ParOldGen       total 158208K, used 61224K [0x0000000700000000, 0x0000000709a80000, 0x00000007bc400000)
  object space 158208K, 38% used [0x0000000700000000,0x0000000703bca2a8,0x0000000709a80000)
 Metaspace       used 69643K, capacity 70283K, committed 70784K, reserved 1110016K
  class space    used 9189K, capacity 9317K, committed 9344K, reserved 1048576K
Event: 1476.620 GC heap after
Heap after GC invocations=363 (full 84):
 PSYoungGen      total 57856K, used 1056K [0x00000007bc400000, 0x00000007c0000000, 0x00000007c0000000)
  eden space 54272K, 0% used [0x00000007bc400000,0x00000007bc400000,0x00000007bf900000)
  from space 3584K, 29% used [0x00000007bf900000,0x00000007bfa08000,0x00000007bfc80000)
  to   space 3584K, 0% used [0x00000007bfc80000,0x00000007bfc80000,0x00000007c0000000)
 ParOldGen       total 158208K, used 61520K [0x0000000700000000, 0x0000000709a80000, 0x00000007bc400000)
  object space 158208K, 38% used [0x0000000700000000,0x0000000703c14248,0x0000000709a80000)
 Metaspace       used 69643K, capacity 70283K, committed 70784K, reserved 1110016K
  class space    used 9189K, capacity 9317K, committed 9344K, reserved 1048576K
}

